<?xml version="1.0" encoding="UTF-8"?>
<!-- Generated by org.testng.reporters.JUnitReportReporter -->
<testsuite hostname="LTIN279524" failures="0" tests="8" name="TestCases.Tc001_EmiCalculator" time="313.365" errors="0" timestamp="2024-02-28T12:35:42 IST" skipped="0">
  <testcase classname="TestCases.Tc001_EmiCalculator" name="inputCalculator" time="7.895"/>
  <system-out/>
  <testcase classname="TestCases.Tc001_EmiCalculator" name="printCarEmiData" time="11.943"/>
  <system-out/>
  <testcase classname="TestCases.Tc001_EmiCalculator" name="homeLoanCalculator" time="31.365"/>
  <system-out/>
  <testcase classname="TestCases.Tc001_EmiCalculator" name="printHomeEmiData" time="8.056"/>
  <system-out/>
  <testcase classname="TestCases.Tc001_EmiCalculator" name="loanCalculator" time="88.970"/>
  <system-out/>
  <testcase classname="TestCases.Tc001_EmiCalculator" name="loanEmiCalcUICheck" time="61.858"/>
  <system-out/>
  <testcase classname="TestCases.Tc001_EmiCalculator" name="loanAmountCalcUICheck" time="52.268"/>
  <system-out/>
  <testcase classname="TestCases.Tc001_EmiCalculator" name="loanTenureCalcUICheck" time="51.010"/>
  <system-out/>
</testsuite> <!-- TestCases.Tc001_EmiCalculator -->
